{"C:\\Users\\fsuli\\Programming\\100PROJECTS\\Medium-REST-API-Example\\index.js": {"path":"C:\\Users\\fsuli\\Programming\\100PROJECTS\\Medium-REST-API-Example\\index.js","statementMap":{"0":{"start":{"line":1,"column":0},"end":{"line":1,"column":27}},"1":{"start":{"line":2,"column":16},"end":{"line":2,"column":34}},"2":{"start":{"line":3,"column":12},"end":{"line":3,"column":21}},"3":{"start":{"line":5,"column":26},"end":{"line":5,"column":53}},"4":{"start":{"line":6,"column":0},"end":{"line":6,"column":10}},"5":{"start":{"line":12,"column":0},"end":{"line":12,"column":33}},"6":{"start":{"line":14,"column":15},"end":{"line":16,"column":2}},"7":{"start":{"line":15,"column":2},"end":{"line":15,"column":71}},"8":{"start":{"line":19,"column":0},"end":{"line":19,"column":24}}},"fnMap":{"0":{"name":"(anonymous_0)","decl":{"start":{"line":14,"column":48},"end":{"line":14,"column":49}},"loc":{"start":{"line":14,"column":54},"end":{"line":16,"column":1}},"line":14}},"branchMap":{},"s":{"0":1,"1":1,"2":1,"3":1,"4":1,"5":1,"6":1,"7":1,"8":1},"f":{"0":1},"b":{},"_coverageSchema":"1a1c01bbd47fc00a2c39e90264f33305004495a9","hash":"bb9808cdf0fe282425f6a3b5ac809e81ef6b826e"}
,"C:\\Users\\fsuli\\Programming\\100PROJECTS\\Medium-REST-API-Example\\API\\I.service.js": {"path":"C:\\Users\\fsuli\\Programming\\100PROJECTS\\Medium-REST-API-Example\\API\\I.service.js","statementMap":{"0":{"start":{"line":1,"column":13},"end":{"line":1,"column":42}},"1":{"start":{"line":3,"column":0},"end":{"line":83,"column":1}},"2":{"start":{"line":5,"column":4},"end":{"line":24,"column":6}},"3":{"start":{"line":19,"column":8},"end":{"line":21,"column":9}},"4":{"start":{"line":20,"column":10},"end":{"line":20,"column":33}},"5":{"start":{"line":22,"column":8},"end":{"line":22,"column":39}},"6":{"start":{"line":27,"column":4},"end":{"line":36,"column":6}},"7":{"start":{"line":31,"column":8},"end":{"line":33,"column":9}},"8":{"start":{"line":32,"column":12},"end":{"line":32,"column":35}},"9":{"start":{"line":34,"column":8},"end":{"line":34,"column":39}},"10":{"start":{"line":39,"column":4},"end":{"line":57,"column":6}},"11":{"start":{"line":52,"column":8},"end":{"line":54,"column":9}},"12":{"start":{"line":53,"column":12},"end":{"line":53,"column":35}},"13":{"start":{"line":55,"column":8},"end":{"line":55,"column":39}},"14":{"start":{"line":60,"column":4},"end":{"line":69,"column":6}},"15":{"start":{"line":64,"column":8},"end":{"line":66,"column":9}},"16":{"start":{"line":65,"column":12},"end":{"line":65,"column":35}},"17":{"start":{"line":67,"column":8},"end":{"line":67,"column":39}},"18":{"start":{"line":72,"column":4},"end":{"line":81,"column":6}},"19":{"start":{"line":76,"column":8},"end":{"line":78,"column":9}},"20":{"start":{"line":77,"column":12},"end":{"line":77,"column":35}},"21":{"start":{"line":79,"column":8},"end":{"line":79,"column":39}}},"fnMap":{"0":{"name":"(anonymous_0)","decl":{"start":{"line":4,"column":10},"end":{"line":4,"column":11}},"loc":{"start":{"line":4,"column":30},"end":{"line":25,"column":3}},"line":4},"1":{"name":"(anonymous_1)","decl":{"start":{"line":18,"column":6},"end":{"line":18,"column":7}},"loc":{"start":{"line":18,"column":34},"end":{"line":23,"column":7}},"line":18},"2":{"name":"(anonymous_2)","decl":{"start":{"line":26,"column":8},"end":{"line":26,"column":9}},"loc":{"start":{"line":26,"column":20},"end":{"line":37,"column":3}},"line":26},"3":{"name":"(anonymous_3)","decl":{"start":{"line":30,"column":6},"end":{"line":30,"column":7}},"loc":{"start":{"line":30,"column":34},"end":{"line":35,"column":7}},"line":30},"4":{"name":"(anonymous_4)","decl":{"start":{"line":38,"column":10},"end":{"line":38,"column":11}},"loc":{"start":{"line":38,"column":41},"end":{"line":58,"column":3}},"line":38},"5":{"name":"(anonymous_5)","decl":{"start":{"line":51,"column":6},"end":{"line":51,"column":7}},"loc":{"start":{"line":51,"column":34},"end":{"line":56,"column":7}},"line":51},"6":{"name":"(anonymous_6)","decl":{"start":{"line":59,"column":16},"end":{"line":59,"column":17}},"loc":{"start":{"line":59,"column":41},"end":{"line":70,"column":3}},"line":59},"7":{"name":"(anonymous_7)","decl":{"start":{"line":63,"column":6},"end":{"line":63,"column":7}},"loc":{"start":{"line":63,"column":34},"end":{"line":68,"column":7}},"line":63},"8":{"name":"(anonymous_8)","decl":{"start":{"line":71,"column":9},"end":{"line":71,"column":10}},"loc":{"start":{"line":71,"column":33},"end":{"line":82,"column":3}},"line":71},"9":{"name":"(anonymous_9)","decl":{"start":{"line":75,"column":6},"end":{"line":75,"column":7}},"loc":{"start":{"line":75,"column":34},"end":{"line":80,"column":7}},"line":75}},"branchMap":{"0":{"loc":{"start":{"line":19,"column":8},"end":{"line":21,"column":9}},"type":"if","locations":[{"start":{"line":19,"column":8},"end":{"line":21,"column":9}},{"start":{},"end":{}}],"line":19},"1":{"loc":{"start":{"line":31,"column":8},"end":{"line":33,"column":9}},"type":"if","locations":[{"start":{"line":31,"column":8},"end":{"line":33,"column":9}},{"start":{},"end":{}}],"line":31},"2":{"loc":{"start":{"line":52,"column":8},"end":{"line":54,"column":9}},"type":"if","locations":[{"start":{"line":52,"column":8},"end":{"line":54,"column":9}},{"start":{},"end":{}}],"line":52},"3":{"loc":{"start":{"line":64,"column":8},"end":{"line":66,"column":9}},"type":"if","locations":[{"start":{"line":64,"column":8},"end":{"line":66,"column":9}},{"start":{},"end":{}}],"line":64},"4":{"loc":{"start":{"line":76,"column":8},"end":{"line":78,"column":9}},"type":"if","locations":[{"start":{"line":76,"column":8},"end":{"line":78,"column":9}},{"start":{},"end":{}}],"line":76}},"s":{"0":1,"1":1,"2":1,"3":1,"4":0,"5":1,"6":0,"7":0,"8":0,"9":0,"10":0,"11":0,"12":0,"13":0,"14":4,"15":4,"16":0,"17":4,"18":2,"19":2,"20":0,"21":2},"f":{"0":1,"1":1,"2":0,"3":0,"4":0,"5":0,"6":4,"7":4,"8":2,"9":2},"b":{"0":[0,1],"1":[0,0],"2":[0,0],"3":[0,4],"4":[0,2]},"_coverageSchema":"1a1c01bbd47fc00a2c39e90264f33305004495a9","hash":"a43913b210b5a82e1e422b9e3cfe0d456ea21804"}
,"C:\\Users\\fsuli\\Programming\\100PROJECTS\\Medium-REST-API-Example\\API\\II.controller.js": {"path":"C:\\Users\\fsuli\\Programming\\100PROJECTS\\Medium-REST-API-Example\\API\\II.controller.js","statementMap":{"0":{"start":{"line":1,"column":17},"end":{"line":1,"column":45}},"1":{"start":{"line":2,"column":25},"end":{"line":2,"column":57}},"2":{"start":{"line":4,"column":54},"end":{"line":4,"column":76}},"3":{"start":{"line":6,"column":0},"end":{"line":75,"column":1}},"4":{"start":{"line":8,"column":17},"end":{"line":8,"column":25}},"5":{"start":{"line":9,"column":4},"end":{"line":16,"column":7}},"6":{"start":{"line":10,"column":6},"end":{"line":13,"column":7}},"7":{"start":{"line":11,"column":8},"end":{"line":11,"column":26}},"8":{"start":{"line":12,"column":8},"end":{"line":12,"column":65}},"9":{"start":{"line":14,"column":6},"end":{"line":14,"column":38}},"10":{"start":{"line":15,"column":6},"end":{"line":15,"column":43}},"11":{"start":{"line":19,"column":4},"end":{"line":26,"column":7}},"12":{"start":{"line":20,"column":6},"end":{"line":23,"column":7}},"13":{"start":{"line":21,"column":8},"end":{"line":21,"column":26}},"14":{"start":{"line":22,"column":8},"end":{"line":22,"column":65}},"15":{"start":{"line":24,"column":6},"end":{"line":24,"column":42}},"16":{"start":{"line":25,"column":6},"end":{"line":25,"column":43}},"17":{"start":{"line":29,"column":17},"end":{"line":29,"column":25}},"18":{"start":{"line":30,"column":22},"end":{"line":30,"column":42}},"19":{"start":{"line":31,"column":4},"end":{"line":31,"column":27}},"20":{"start":{"line":32,"column":4},"end":{"line":39,"column":7}},"21":{"start":{"line":33,"column":6},"end":{"line":36,"column":7}},"22":{"start":{"line":34,"column":8},"end":{"line":34,"column":26}},"23":{"start":{"line":35,"column":8},"end":{"line":35,"column":65}},"24":{"start":{"line":37,"column":6},"end":{"line":37,"column":57}},"25":{"start":{"line":38,"column":6},"end":{"line":38,"column":43}},"26":{"start":{"line":42,"column":22},"end":{"line":42,"column":42}},"27":{"start":{"line":43,"column":4},"end":{"line":50,"column":7}},"28":{"start":{"line":44,"column":6},"end":{"line":47,"column":7}},"29":{"start":{"line":45,"column":8},"end":{"line":45,"column":26}},"30":{"start":{"line":46,"column":8},"end":{"line":46,"column":65}},"31":{"start":{"line":48,"column":6},"end":{"line":48,"column":57}},"32":{"start":{"line":49,"column":6},"end":{"line":49,"column":43}},"33":{"start":{"line":53,"column":21},"end":{"line":53,"column":40}},"34":{"start":{"line":54,"column":21},"end":{"line":54,"column":38}},"35":{"start":{"line":55,"column":4},"end":{"line":73,"column":7}},"36":{"start":{"line":56,"column":6},"end":{"line":59,"column":7}},"37":{"start":{"line":57,"column":8},"end":{"line":57,"column":26}},"38":{"start":{"line":58,"column":8},"end":{"line":58,"column":66}},"39":{"start":{"line":61,"column":6},"end":{"line":68,"column":7}},"40":{"start":{"line":62,"column":8},"end":{"line":62,"column":42}},"41":{"start":{"line":63,"column":8},"end":{"line":63,"column":57}},"42":{"start":{"line":65,"column":11},"end":{"line":68,"column":7}},"43":{"start":{"line":66,"column":8},"end":{"line":66,"column":42}},"44":{"start":{"line":67,"column":8},"end":{"line":67,"column":57}},"45":{"start":{"line":70,"column":24},"end":{"line":70,"column":61}},"46":{"start":{"line":71,"column":6},"end":{"line":71,"column":49}},"47":{"start":{"line":72,"column":6},"end":{"line":72,"column":45}}},"fnMap":{"0":{"name":"(anonymous_0)","decl":{"start":{"line":7,"column":10},"end":{"line":7,"column":11}},"loc":{"start":{"line":7,"column":24},"end":{"line":17,"column":3}},"line":7},"1":{"name":"(anonymous_1)","decl":{"start":{"line":9,"column":17},"end":{"line":9,"column":18}},"loc":{"start":{"line":9,"column":35},"end":{"line":16,"column":5}},"line":9},"2":{"name":"(anonymous_2)","decl":{"start":{"line":18,"column":8},"end":{"line":18,"column":9}},"loc":{"start":{"line":18,"column":22},"end":{"line":27,"column":3}},"line":18},"3":{"name":"(anonymous_3)","decl":{"start":{"line":19,"column":9},"end":{"line":19,"column":10}},"loc":{"start":{"line":19,"column":27},"end":{"line":26,"column":5}},"line":19},"4":{"name":"(anonymous_4)","decl":{"start":{"line":28,"column":10},"end":{"line":28,"column":11}},"loc":{"start":{"line":28,"column":24},"end":{"line":40,"column":3}},"line":28},"5":{"name":"(anonymous_5)","decl":{"start":{"line":32,"column":28},"end":{"line":32,"column":29}},"loc":{"start":{"line":32,"column":46},"end":{"line":39,"column":5}},"line":32},"6":{"name":"(anonymous_6)","decl":{"start":{"line":41,"column":16},"end":{"line":41,"column":17}},"loc":{"start":{"line":41,"column":30},"end":{"line":51,"column":3}},"line":41},"7":{"name":"(anonymous_7)","decl":{"start":{"line":43,"column":28},"end":{"line":43,"column":29}},"loc":{"start":{"line":43,"column":46},"end":{"line":50,"column":5}},"line":43},"8":{"name":"(anonymous_8)","decl":{"start":{"line":52,"column":9},"end":{"line":52,"column":10}},"loc":{"start":{"line":52,"column":23},"end":{"line":74,"column":3}},"line":52},"9":{"name":"(anonymous_9)","decl":{"start":{"line":55,"column":20},"end":{"line":55,"column":21}},"loc":{"start":{"line":55,"column":38},"end":{"line":73,"column":5}},"line":55}},"branchMap":{"0":{"loc":{"start":{"line":10,"column":6},"end":{"line":13,"column":7}},"type":"if","locations":[{"start":{"line":10,"column":6},"end":{"line":13,"column":7}},{"start":{},"end":{}}],"line":10},"1":{"loc":{"start":{"line":20,"column":6},"end":{"line":23,"column":7}},"type":"if","locations":[{"start":{"line":20,"column":6},"end":{"line":23,"column":7}},{"start":{},"end":{}}],"line":20},"2":{"loc":{"start":{"line":33,"column":6},"end":{"line":36,"column":7}},"type":"if","locations":[{"start":{"line":33,"column":6},"end":{"line":36,"column":7}},{"start":{},"end":{}}],"line":33},"3":{"loc":{"start":{"line":44,"column":6},"end":{"line":47,"column":7}},"type":"if","locations":[{"start":{"line":44,"column":6},"end":{"line":47,"column":7}},{"start":{},"end":{}}],"line":44},"4":{"loc":{"start":{"line":56,"column":6},"end":{"line":59,"column":7}},"type":"if","locations":[{"start":{"line":56,"column":6},"end":{"line":59,"column":7}},{"start":{},"end":{}}],"line":56},"5":{"loc":{"start":{"line":61,"column":6},"end":{"line":68,"column":7}},"type":"if","locations":[{"start":{"line":61,"column":6},"end":{"line":68,"column":7}},{"start":{"line":65,"column":11},"end":{"line":68,"column":7}}],"line":61},"6":{"loc":{"start":{"line":65,"column":11},"end":{"line":68,"column":7}},"type":"if","locations":[{"start":{"line":65,"column":11},"end":{"line":68,"column":7}},{"start":{},"end":{}}],"line":65}},"s":{"0":1,"1":1,"2":1,"3":1,"4":1,"5":1,"6":1,"7":0,"8":0,"9":1,"10":1,"11":0,"12":0,"13":0,"14":0,"15":0,"16":0,"17":0,"18":0,"19":0,"20":0,"21":0,"22":0,"23":0,"24":0,"25":0,"26":4,"27":4,"28":4,"29":0,"30":0,"31":4,"32":4,"33":2,"34":2,"35":2,"36":2,"37":0,"38":0,"39":2,"40":1,"41":1,"42":1,"43":0,"44":0,"45":1,"46":1,"47":1},"f":{"0":1,"1":1,"2":0,"3":0,"4":0,"5":0,"6":4,"7":4,"8":2,"9":2},"b":{"0":[0,1],"1":[0,0],"2":[0,0],"3":[0,4],"4":[0,2],"5":[1,1],"6":[0,1]},"_coverageSchema":"1a1c01bbd47fc00a2c39e90264f33305004495a9","hash":"5ecb125c5f69e54a392e721b43bdaced66bdb66c"}
,"C:\\Users\\fsuli\\Programming\\100PROJECTS\\Medium-REST-API-Example\\API\\III.router.js": {"path":"C:\\Users\\fsuli\\Programming\\100PROJECTS\\Medium-REST-API-Example\\API\\III.router.js","statementMap":{"0":{"start":{"line":1,"column":54},"end":{"line":1,"column":80}},"1":{"start":{"line":3,"column":15},"end":{"line":3,"column":42}},"2":{"start":{"line":5,"column":21},"end":{"line":5,"column":44}},"3":{"start":{"line":7,"column":0},"end":{"line":7,"column":43}},"4":{"start":{"line":8,"column":0},"end":{"line":8,"column":26}},"5":{"start":{"line":9,"column":0},"end":{"line":9,"column":43}},"6":{"start":{"line":10,"column":0},"end":{"line":10,"column":50}},"7":{"start":{"line":11,"column":0},"end":{"line":11,"column":38}},"8":{"start":{"line":13,"column":0},"end":{"line":13,"column":24}}},"fnMap":{},"branchMap":{},"s":{"0":1,"1":1,"2":1,"3":1,"4":1,"5":1,"6":1,"7":1,"8":1},"f":{},"b":{},"_coverageSchema":"1a1c01bbd47fc00a2c39e90264f33305004495a9","hash":"634003266332cde24840cacf58c9272650ee06c4"}
,"C:\\Users\\fsuli\\Programming\\100PROJECTS\\Medium-REST-API-Example\\auth\\auth.js": {"path":"C:\\Users\\fsuli\\Programming\\100PROJECTS\\Medium-REST-API-Example\\auth\\auth.js","statementMap":{"0":{"start":{"line":3,"column":19},"end":{"line":3,"column":42}},"1":{"start":{"line":4,"column":17},"end":{"line":4,"column":45}},"2":{"start":{"line":6,"column":0},"end":{"line":24,"column":2}},"3":{"start":{"line":8,"column":20},"end":{"line":8,"column":44}},"4":{"start":{"line":9,"column":8},"end":{"line":22,"column":9}},"5":{"start":{"line":10,"column":12},"end":{"line":10,"column":35}},"6":{"start":{"line":11,"column":12},"end":{"line":18,"column":15}},"7":{"start":{"line":12,"column":16},"end":{"line":17,"column":17}},"8":{"start":{"line":13,"column":20},"end":{"line":13,"column":66}},"9":{"start":{"line":14,"column":20},"end":{"line":14,"column":77}},"10":{"start":{"line":16,"column":20},"end":{"line":16,"column":27}},"11":{"start":{"line":20,"column":12},"end":{"line":20,"column":62}},"12":{"start":{"line":21,"column":12},"end":{"line":21,"column":77}}},"fnMap":{"0":{"name":"(anonymous_0)","decl":{"start":{"line":7,"column":16},"end":{"line":7,"column":17}},"loc":{"start":{"line":7,"column":34},"end":{"line":23,"column":5}},"line":7},"1":{"name":"(anonymous_1)","decl":{"start":{"line":11,"column":49},"end":{"line":11,"column":50}},"loc":{"start":{"line":11,"column":66},"end":{"line":18,"column":13}},"line":11}},"branchMap":{"0":{"loc":{"start":{"line":9,"column":8},"end":{"line":22,"column":9}},"type":"if","locations":[{"start":{"line":9,"column":8},"end":{"line":22,"column":9}},{"start":{"line":19,"column":15},"end":{"line":22,"column":9}}],"line":9},"1":{"loc":{"start":{"line":12,"column":16},"end":{"line":17,"column":17}},"type":"if","locations":[{"start":{"line":12,"column":16},"end":{"line":17,"column":17}},{"start":{"line":15,"column":23},"end":{"line":17,"column":17}}],"line":12}},"s":{"0":1,"1":1,"2":1,"3":2,"4":2,"5":2,"6":2,"7":2,"8":1,"9":1,"10":1,"11":0,"12":0},"f":{"0":2,"1":2},"b":{"0":[2,0],"1":[1,1]},"_coverageSchema":"1a1c01bbd47fc00a2c39e90264f33305004495a9","hash":"2a4759f60ab214404f4370970ed1a2a5d707de5e"}
,"C:\\Users\\fsuli\\Programming\\100PROJECTS\\Medium-REST-API-Example\\auth\\generateToken.js": {"path":"C:\\Users\\fsuli\\Programming\\100PROJECTS\\Medium-REST-API-Example\\auth\\generateToken.js","statementMap":{"0":{"start":{"line":1,"column":17},"end":{"line":1,"column":40}},"1":{"start":{"line":3,"column":0},"end":{"line":8,"column":1}},"2":{"start":{"line":4,"column":18},"end":{"line":6,"column":6}},"3":{"start":{"line":7,"column":4},"end":{"line":7,"column":17}}},"fnMap":{"0":{"name":"(anonymous_0)","decl":{"start":{"line":3,"column":17},"end":{"line":3,"column":18}},"loc":{"start":{"line":3,"column":35},"end":{"line":8,"column":1}},"line":3}},"branchMap":{},"s":{"0":1,"1":1,"2":5,"3":5},"f":{"0":5},"b":{},"_coverageSchema":"1a1c01bbd47fc00a2c39e90264f33305004495a9","hash":"259bcd96ca835592202c309b0b63467077e9d3b0"}
,"C:\\Users\\fsuli\\Programming\\100PROJECTS\\Medium-REST-API-Example\\config\\database.js": {"path":"C:\\Users\\fsuli\\Programming\\100PROJECTS\\Medium-REST-API-Example\\config\\database.js","statementMap":{"0":{"start":{"line":1,"column":23},"end":{"line":1,"column":40}},"1":{"start":{"line":3,"column":13},"end":{"line":11,"column":2}},"2":{"start":{"line":13,"column":0},"end":{"line":13,"column":22}}},"fnMap":{},"branchMap":{},"s":{"0":1,"1":1,"2":1},"f":{},"b":{},"_coverageSchema":"1a1c01bbd47fc00a2c39e90264f33305004495a9","hash":"d2990725878282225cbd45f97df3429a9e9ed444"}
,"C:\\Users\\fsuli\\Programming\\100PROJECTS\\Medium-REST-API-Example\\startup\\logger.js": {"path":"C:\\Users\\fsuli\\Programming\\100PROJECTS\\Medium-REST-API-Example\\startup\\logger.js","statementMap":{"0":{"start":{"line":1,"column":16},"end":{"line":1,"column":34}},"1":{"start":{"line":3,"column":15},"end":{"line":8,"column":2}},"2":{"start":{"line":10,"column":0},"end":{"line":25,"column":2}},"3":{"start":{"line":13,"column":4},"end":{"line":17,"column":7}},"4":{"start":{"line":14,"column":6},"end":{"line":14,"column":47}},"5":{"start":{"line":15,"column":6},"end":{"line":15,"column":35}},"6":{"start":{"line":16,"column":6},"end":{"line":16,"column":22}},"7":{"start":{"line":19,"column":4},"end":{"line":23,"column":7}},"8":{"start":{"line":20,"column":6},"end":{"line":20,"column":51}},"9":{"start":{"line":21,"column":6},"end":{"line":21,"column":35}},"10":{"start":{"line":22,"column":6},"end":{"line":22,"column":22}}},"fnMap":{"0":{"name":"(anonymous_0)","decl":{"start":{"line":12,"column":11},"end":{"line":12,"column":12}},"loc":{"start":{"line":12,"column":17},"end":{"line":24,"column":3}},"line":12},"1":{"name":"(anonymous_1)","decl":{"start":{"line":13,"column":36},"end":{"line":13,"column":37}},"loc":{"start":{"line":13,"column":44},"end":{"line":17,"column":5}},"line":13},"2":{"name":"(anonymous_2)","decl":{"start":{"line":19,"column":37},"end":{"line":19,"column":38}},"loc":{"start":{"line":19,"column":45},"end":{"line":23,"column":5}},"line":19}},"branchMap":{},"s":{"0":1,"1":1,"2":1,"3":1,"4":0,"5":0,"6":0,"7":1,"8":0,"9":0,"10":0},"f":{"0":1,"1":0,"2":0},"b":{},"_coverageSchema":"1a1c01bbd47fc00a2c39e90264f33305004495a9","hash":"12e37ce8848e2ce20494ba7b01e87d55d87f62f0"}
,"C:\\Users\\fsuli\\Programming\\100PROJECTS\\Medium-REST-API-Example\\startup\\routes.js": {"path":"C:\\Users\\fsuli\\Programming\\100PROJECTS\\Medium-REST-API-Example\\startup\\routes.js","statementMap":{"0":{"start":{"line":1,"column":16},"end":{"line":1,"column":34}},"1":{"start":{"line":3,"column":12},"end":{"line":3,"column":40}},"2":{"start":{"line":5,"column":0},"end":{"line":8,"column":1}},"3":{"start":{"line":6,"column":2},"end":{"line":6,"column":26}},"4":{"start":{"line":7,"column":2},"end":{"line":7,"column":24}}},"fnMap":{"0":{"name":"(anonymous_0)","decl":{"start":{"line":5,"column":17},"end":{"line":5,"column":18}},"loc":{"start":{"line":5,"column":31},"end":{"line":8,"column":1}},"line":5}},"branchMap":{},"s":{"0":1,"1":1,"2":1,"3":1,"4":1},"f":{"0":1},"b":{},"_coverageSchema":"1a1c01bbd47fc00a2c39e90264f33305004495a9","hash":"5b0bb69a704b7f47aad6552244dd5855ea245b2c"}
}
