TN:
SF:index.js
FN:14,(anonymous_0)
FNF:1
FNH:1
FNDA:1,(anonymous_0)
DA:1,1
DA:2,1
DA:3,1
DA:5,1
DA:6,1
DA:12,1
DA:14,1
DA:15,1
DA:19,1
LF:9
LH:9
BRF:0
BRH:0
end_of_record
TN:
SF:API\I.service.js
FN:4,(anonymous_0)
FN:18,(anonymous_1)
FN:26,(anonymous_2)
FN:30,(anonymous_3)
FN:38,(anonymous_4)
FN:51,(anonymous_5)
FN:59,(anonymous_6)
FN:63,(anonymous_7)
FN:71,(anonymous_8)
FN:75,(anonymous_9)
FNF:10
FNH:6
FNDA:1,(anonymous_0)
FNDA:1,(anonymous_1)
FNDA:0,(anonymous_2)
FNDA:0,(anonymous_3)
FNDA:0,(anonymous_4)
FNDA:0,(anonymous_5)
FNDA:4,(anonymous_6)
FNDA:4,(anonymous_7)
FNDA:2,(anonymous_8)
FNDA:2,(anonymous_9)
DA:1,1
DA:3,1
DA:5,1
DA:19,1
DA:20,0
DA:22,1
DA:27,0
DA:31,0
DA:32,0
DA:34,0
DA:39,0
DA:52,0
DA:53,0
DA:55,0
DA:60,4
DA:64,4
DA:65,0
DA:67,4
DA:72,2
DA:76,2
DA:77,0
DA:79,2
LF:22
LH:11
BRDA:19,0,0,0
BRDA:19,0,1,1
BRDA:31,1,0,0
BRDA:31,1,1,0
BRDA:52,2,0,0
BRDA:52,2,1,0
BRDA:64,3,0,0
BRDA:64,3,1,4
BRDA:76,4,0,0
BRDA:76,4,1,2
BRF:10
BRH:3
end_of_record
TN:
SF:API\II.controller.js
FN:7,(anonymous_0)
FN:9,(anonymous_1)
FN:18,(anonymous_2)
FN:19,(anonymous_3)
FN:28,(anonymous_4)
FN:32,(anonymous_5)
FN:41,(anonymous_6)
FN:43,(anonymous_7)
FN:52,(anonymous_8)
FN:55,(anonymous_9)
FNF:10
FNH:6
FNDA:1,(anonymous_0)
FNDA:1,(anonymous_1)
FNDA:0,(anonymous_2)
FNDA:0,(anonymous_3)
FNDA:0,(anonymous_4)
FNDA:0,(anonymous_5)
FNDA:4,(anonymous_6)
FNDA:4,(anonymous_7)
FNDA:2,(anonymous_8)
FNDA:2,(anonymous_9)
DA:1,1
DA:2,1
DA:4,1
DA:6,1
DA:8,1
DA:9,1
DA:10,1
DA:11,0
DA:12,0
DA:14,1
DA:15,1
DA:19,0
DA:20,0
DA:21,0
DA:22,0
DA:24,0
DA:25,0
DA:29,0
DA:30,0
DA:31,0
DA:32,0
DA:33,0
DA:34,0
DA:35,0
DA:37,0
DA:38,0
DA:42,4
DA:43,4
DA:44,4
DA:45,0
DA:46,0
DA:48,4
DA:49,4
DA:53,2
DA:54,2
DA:55,2
DA:56,2
DA:57,0
DA:58,0
DA:61,2
DA:62,1
DA:63,1
DA:65,1
DA:66,0
DA:67,0
DA:70,1
DA:71,1
DA:72,1
LF:48
LH:25
BRDA:10,0,0,0
BRDA:10,0,1,1
BRDA:20,1,0,0
BRDA:20,1,1,0
BRDA:33,2,0,0
BRDA:33,2,1,0
BRDA:44,3,0,0
BRDA:44,3,1,4
BRDA:56,4,0,0
BRDA:56,4,1,2
BRDA:61,5,0,1
BRDA:61,5,1,1
BRDA:65,6,0,0
BRDA:65,6,1,1
BRF:14
BRH:6
end_of_record
TN:
SF:API\III.router.js
FNF:0
FNH:0
DA:1,1
DA:3,1
DA:5,1
DA:7,1
DA:8,1
DA:9,1
DA:10,1
DA:11,1
DA:13,1
LF:9
LH:9
BRF:0
BRH:0
end_of_record
TN:
SF:auth\auth.js
FN:7,(anonymous_0)
FN:11,(anonymous_1)
FNF:2
FNH:2
FNDA:2,(anonymous_0)
FNDA:2,(anonymous_1)
DA:3,1
DA:4,1
DA:6,1
DA:8,2
DA:9,2
DA:10,2
DA:11,2
DA:12,2
DA:13,1
DA:14,1
DA:16,1
DA:20,0
DA:21,0
LF:13
LH:11
BRDA:9,0,0,2
BRDA:9,0,1,0
BRDA:12,1,0,1
BRDA:12,1,1,1
BRF:4
BRH:3
end_of_record
TN:
SF:auth\generateToken.js
FN:3,(anonymous_0)
FNF:1
FNH:1
FNDA:5,(anonymous_0)
DA:1,1
DA:3,1
DA:4,5
DA:7,5
LF:4
LH:4
BRF:0
BRH:0
end_of_record
TN:
SF:config\database.js
FNF:0
FNH:0
DA:1,1
DA:3,1
DA:13,1
LF:3
LH:3
BRF:0
BRH:0
end_of_record
TN:
SF:startup\logger.js
FN:12,(anonymous_0)
FN:13,(anonymous_1)
FN:19,(anonymous_2)
FNF:3
FNH:1
FNDA:1,(anonymous_0)
FNDA:0,(anonymous_1)
FNDA:0,(anonymous_2)
DA:1,1
DA:3,1
DA:10,1
DA:13,1
DA:14,0
DA:15,0
DA:16,0
DA:19,1
DA:20,0
DA:21,0
DA:22,0
LF:11
LH:5
BRF:0
BRH:0
end_of_record
TN:
SF:startup\routes.js
FN:5,(anonymous_0)
FNF:1
FNH:1
FNDA:1,(anonymous_0)
DA:1,1
DA:3,1
DA:5,1
DA:6,1
DA:7,1
LF:5
LH:5
BRF:0
BRH:0
end_of_record
